#
# A fatal error has been detected by the Java Runtime Environment:
#
#  EXCEPTION_ACCESS_VIOLATION (0xc0000005) at pc=0x000007fee1878c95, pid=10812, tid=8016
#
# JRE version: Java(TM) SE Runtime Environment (8.0_60-b27) (build 1.8.0_60-b27)
# Java VM: Java HotSpot(TM) 64-Bit Server VM (25.60-b23 mixed mode windows-amd64 compressed oops)
# Problematic frame:
# C  [jcef.dll+0x68c95]
#
# Failed to write core dump. Minidumps are not enabled by default on client versions of Windows
#
# If you would like to submit a bug report, please visit:
#   http://bugreport.java.com/bugreport/crash.jsp
# The crash happened outside the Java Virtual Machine in native code.
# See problematic frame for where to report the bug.
#

---------------  T H R E A D  ---------------

Current thread (0x000000001985e000):  JavaThread "AWT-EventQueue-0" [_thread_in_native, id=8016, stack(0x000000001b010000,0x000000001b110000)]

siginfo: ExceptionCode=0xc0000005, reading address 0xffffffffffffffff

Registers:
RAX=0x0072006500730077, RBX=0x000000001b10dce0, RCX=0x0000000018976660, RDX=0x000000006fcf5d40
RSP=0x000000001b10d890, RBP=0x000000001b10d9f0, RSI=0x000000001ae96a80, RDI=0x0000000018976618
R8 =0x0000000000010002, R9 =0x0000000018976610, R10=0x0000000000000026, R11=0x0000000000000000
R12=0x000000001b10dd10, R13=0x0000000000000000, R14=0x000000001ae88ad0, R15=0x000000001985e1f8
RIP=0x000007fee1878c95, EFLAGS=0x0000000000010206

Top of Stack: (sp=0x000000001b10d890)
0x000000001b10d890:   000000001b10dce0 000000001ae96a80
0x000000001b10d8a0:   0000000018976610 0000000000000000
0x000000001b10d8b0:   00007e9d00010004 0000000073f61070
0x000000001b10d8c0:   0000000073f6106a 0000000073f61064
0x000000001b10d8d0:   0000000073f6105e 0000000073f61058
0x000000001b10d8e0:   000000001b10dce0 000007fee182272b
0x000000001b10d8f0:   000000001ae77fa0 000000001b10d900
0x000000001b10d900:   000000001985e1f8 000000001ae96a80
0x000000001b10d910:   000000001883d260 0000000018010160
0x000000001b10d920:   0000000000000000 0000000000000000
0x000000001b10d930:   000000006fb4cee8 0000000019863190
0x000000001b10d940:   000000070000006f 000000001ae77fa0
0x000000001b10d950:   000000001b10dcf0 000000001985e000
0x000000001b10d960:   0000000100000008 0000000000000007
0x000000001b10d970:   000000001ae88ad0 0000004800000003
0x000000001b10d980:   000007fee1964410 0000000000000000 

Instructions: (pc=0x000007fee1878c95)
0x000007fee1878c75:   f8 ff 50 10 48 8b cf ff 57 18 48 8b c8 48 85 c0
0x000007fee1878c85:   75 0b 48 8b 5c 24 60 48 83 c4 50 5f c3 48 8b 00
0x000007fee1878c95:   48 8b 18 ff 57 20 48 8b cf ff 57 28 48 8b cf ff
0x000007fee1878ca5:   54 24 30 48 8b c3 48 8b 5c 24 60 48 83 c4 50 5f 


Register to memory mapping:

RAX=0x0072006500730077 is an unknown value
RBX=0x000000001b10dce0 is pointing into the stack for thread: 0x000000001985e000
RCX=0x0000000018976660 is an unknown value
RDX=0x000000006fcf5d40 is an unknown value
RSP=0x000000001b10d890 is pointing into the stack for thread: 0x000000001985e000
RBP=0x000000001b10d9f0 is pointing into the stack for thread: 0x000000001985e000
RSI=0x000000001ae96a80 is an unknown value
RDI=0x0000000018976618 is an unknown value
R8 =0x0000000000010002 is an unknown value
R9 =0x0000000018976610 is an unknown value
R10=0x0000000000000026 is an unknown value
R11=0x0000000000000000 is an unknown value
R12=0x000000001b10dd10 is pointing into the stack for thread: 0x000000001985e000
R13=0x0000000000000000 is an unknown value
R14=0x000000001ae88ad0 is an unknown value
R15=0x000000001985e1f8 is an unknown value


Stack: [0x000000001b010000,0x000000001b110000],  sp=0x000000001b10d890,  free space=1014k
Native frames: (J=compiled Java code, j=interpreted, Vv=VM code, C=native code)
C  [jcef.dll+0x68c95]
C  [jcef.dll+0x1272b]
C  [jcef.dll+0x130c0]
C  0x0000000002815e34

Java frames: (J=compiled Java code, j=interpreted, Vv=VM code)
j  org.cef.browser.CefBrowser_N.N_CreateBrowser(Lorg/cef/handler/CefClientHandler;JLjava/lang/String;ZLjava/awt/Component;Lorg/cef/browser/CefRequestContext;)Z+0
j  org.cef.browser.CefBrowser_N.createBrowser(Lorg/cef/handler/CefClientHandler;JLjava/lang/String;ZLjava/awt/Component;Lorg/cef/browser/CefRequestContext;)V+30
j  org.cef.browser.CefBrowserWr.createUIIfRequired()V+101
j  org.cef.browser.CefBrowserWr.access$000(Lorg/cef/browser/CefBrowserWr;)V+1
j  org.cef.browser.CefBrowserWr$1$1.run()V+7
J 1237 C1 java.awt.event.InvocationEvent.dispatch()V (69 bytes) @ 0x0000000002bdbed4 [0x0000000002bdbcc0+0x214]
J 1262 C1 java.awt.EventQueue.dispatchEventImpl(Ljava/awt/AWTEvent;Ljava/lang/Object;)V (149 bytes) @ 0x0000000002be9dc4 [0x0000000002be8300+0x1ac4]
J 1264 C1 java.awt.EventQueue$3.run()Ljava/lang/Void; (60 bytes) @ 0x0000000002bf110c [0x0000000002bf0f00+0x20c]
J 1210 C1 java.awt.EventQueue$3.run()Ljava/lang/Object; (5 bytes) @ 0x0000000002bc7e4c [0x0000000002bc7dc0+0x8c]
v  ~StubRoutines::call_stub
J 998  java.security.AccessController.doPrivileged(Ljava/security/PrivilegedAction;Ljava/security/AccessControlContext;)Ljava/lang/Object; (0 bytes) @ 0x0000000002b39ae6 [0x0000000002b39a80+0x66]
J 1208 C1 java.awt.EventQueue.dispatchEvent(Ljava/awt/AWTEvent;)V (80 bytes) @ 0x0000000002bc8c44 [0x0000000002bc82c0+0x984]
J 1265 C1 java.awt.EventDispatchThread.pumpOneEventForFilters(I)V (295 bytes) @ 0x0000000002becaa4 [0x0000000002beaf40+0x1b64]
j  java.awt.EventDispatchThread.pumpEventsForFilter(ILjava/awt/Conditional;Ljava/awt/EventFilter;)V+35
j  java.awt.EventDispatchThread.pumpEventsForHierarchy(ILjava/awt/Conditional;Ljava/awt/Component;)V+11
j  java.awt.EventDispatchThread.pumpEvents(ILjava/awt/Conditional;)V+4
j  java.awt.EventDispatchThread.pumpEvents(Ljava/awt/Conditional;)V+3
j  java.awt.EventDispatchThread.run()V+9
v  ~StubRoutines::call_stub

---------------  P R O C E S S  ---------------

Java Threads: ( => current thread )
  0x0000000019b00800 JavaThread "TimerQueue" daemon [_thread_blocked, id=11944, stack(0x000000001eb00000,0x000000001ec00000)]
  0x000000000255e800 JavaThread "DestroyJavaVM" [_thread_blocked, id=11916, stack(0x0000000002700000,0x0000000002800000)]
  0x000000001985e800 JavaThread "JCEF-MessageQueue" daemon [_thread_blocked, id=10708, stack(0x000000001b140000,0x000000001b240000)]
=>0x000000001985e000 JavaThread "AWT-EventQueue-0" [_thread_in_native, id=8016, stack(0x000000001b010000,0x000000001b110000)]
  0x0000000019854000 JavaThread "Panel repaint" [_thread_blocked, id=11140, stack(0x000000001ad50000,0x000000001ae50000)]
  0x00000000197fa000 JavaThread "AWT-Windows" daemon [_thread_in_native, id=884, stack(0x000000001a370000,0x000000001a470000)]
  0x00000000197f9800 JavaThread "AWT-Shutdown" [_thread_blocked, id=6972, stack(0x000000001a000000,0x000000001a100000)]
  0x00000000197f8800 JavaThread "Java2D Disposer" daemon [_thread_blocked, id=4000, stack(0x000000001a120000,0x000000001a220000)]
  0x00000000188c4800 JavaThread "Service Thread" daemon [_thread_blocked, id=9296, stack(0x00000000194e0000,0x00000000195e0000)]
  0x0000000018843800 JavaThread "C1 CompilerThread2" daemon [_thread_blocked, id=2120, stack(0x0000000018da0000,0x0000000018ea0000)]
  0x000000001883b000 JavaThread "C2 CompilerThread1" daemon [_thread_blocked, id=10496, stack(0x0000000019330000,0x0000000019430000)]
  0x00000000174ac800 JavaThread "C2 CompilerThread0" daemon [_thread_blocked, id=12120, stack(0x0000000019120000,0x0000000019220000)]
  0x0000000018819800 JavaThread "Attach Listener" daemon [_thread_blocked, id=9200, stack(0x0000000018f30000,0x0000000019030000)]
  0x0000000018823800 JavaThread "Signal Dispatcher" daemon [_thread_blocked, id=11376, stack(0x0000000018c70000,0x0000000018d70000)]
  0x0000000017447000 JavaThread "Finalizer" daemon [_thread_blocked, id=10004, stack(0x0000000018710000,0x0000000018810000)]
  0x0000000017440000 JavaThread "Reference Handler" daemon [_thread_blocked, id=11988, stack(0x00000000185b0000,0x00000000186b0000)]

Other Threads:
  0x000000001743a800 VMThread [stack: 0x00000000183d0000,0x00000000184d0000] [id=2584]
  0x0000000018912000 WatcherThread [stack: 0x0000000019680000,0x0000000019780000] [id=10400]

VM state:not at safepoint (normal execution)

VM Mutex/Monitor currently owned by a thread: None

Heap:
 PSYoungGen      total 36864K, used 30970K [0x00000000d6e00000, 0x00000000d9700000, 0x0000000100000000)
  eden space 31744K, 97% used [0x00000000d6e00000,0x00000000d8c3e930,0x00000000d8d00000)
  from space 5120K, 0% used [0x00000000d9200000,0x00000000d9200000,0x00000000d9700000)
  to   space 5120K, 0% used [0x00000000d8d00000,0x00000000d8d00000,0x00000000d9200000)
 ParOldGen       total 84992K, used 0K [0x0000000084a00000, 0x0000000089d00000, 0x00000000d6e00000)
  object space 84992K, 0% used [0x0000000084a00000,0x0000000084a00000,0x0000000089d00000)
 Metaspace       used 12208K, capacity 12392K, committed 12544K, reserved 1060864K
  class space    used 1603K, capacity 1672K, committed 1792K, reserved 1048576K

Card table byte_map: [0x0000000011bc0000,0x0000000011fa0000] byte_map_base: 0x000000001179b000

Marking Bits: (ParMarkBitMap*) 0x000000006fd6a5b0
 Begin Bits: [0x0000000012920000, 0x00000000147f8000)
 End Bits:   [0x00000000147f8000, 0x00000000166d0000)

Polling page: 0x0000000000130000

CodeCache: size=245760Kb used=4877Kb max_used=4877Kb free=240882Kb
 bounds [0x0000000002800000, 0x0000000002cd0000, 0x0000000011800000]
 total_blobs=1966 nmethods=1479 adapters=399
 compilation: enabled

Compilation events (10 events):
Event: 14.272 Thread 0x0000000018843800 1475       3       java.beans.PropertyChangeSupport::fire (39 bytes)
Event: 14.273 Thread 0x0000000018843800 nmethod 1475 0x0000000002cb9bd0 code [0x0000000002cb9d40, 0x0000000002cba068]
Event: 14.273 Thread 0x0000000018843800 1476       1       java.util.LinkedList::size (5 bytes)
Event: 14.273 Thread 0x0000000018843800 nmethod 1476 0x0000000002cb9910 code [0x0000000002cb9a60, 0x0000000002cb9b70]
Event: 14.276 Thread 0x0000000018843800 1477       1       sun.util.locale.StringTokenIterator::isDone (5 bytes)
Event: 14.276 Thread 0x0000000018843800 nmethod 1477 0x0000000002cb9650 code [0x0000000002cb97a0, 0x0000000002cb98b0]
Event: 14.281 Thread 0x0000000018843800 1478       3       sun.awt.SunToolkit::postEvent (157 bytes)
Event: 14.285 Thread 0x0000000018843800 nmethod 1478 0x0000000002cc4610 code [0x0000000002cc49c0, 0x0000000002cc6f08]
Event: 14.285 Thread 0x0000000018843800 1479       3       sun.awt.AWTAccessor::getEventQueueAccessor (18 bytes)
Event: 14.286 Thread 0x0000000018843800 nmethod 1479 0x0000000002cb9150 code [0x0000000002cb92c0, 0x0000000002cb9528]

GC Heap History (0 events):
No events

Deoptimization events (0 events):
No events

Internal exceptions (10 events):
Event: 0.033 Thread 0x000000000255e800 Exception <a 'java/lang/NoSuchMethodError': Method sun.misc.Unsafe.defineClass(Ljava/lang/String;[BII)Ljava/lang/Class; name or signature does not match> (0x00000000d6e13060) thrown at [C:\re\workspace\8-2-build-windows-amd64-cygwin\jdk8u60\4407\hotspot\srJÔµO‚	¡?
Event: 0.033 Thread 0x000000000255e800 Exception <a 'java/lang/NoSuchMethodError': Method sun.misc.Unsafe.prefetchRead(Ljava/lang/Object;J)V name or signature does not match> (0x00000000d6e13348) thrown at [C:\re\workspace\8-2-build-windows-amd64-cygwin\jdk8u60\4407\hotspot\src\share\vm\prims\j¨Mc”œ¿?
Event: 0.123 Thread 0x000000000255e800 Exception <a 'java/security/PrivilegedActionException'> (0x00000000d6fac4f0) thrown at [C:\re\workspace\8-2-build-windows-amd64-cygwin\jdk8u60\4407\hotspot\src\share\vm\prims\jvm.cpp, line 1386]
Event: 0.124 Thread 0x000000000255e800 Exception <a 'java/security/PrivilegedActionException'> (0x00000000d6fac700) thrown at [C:\re\workspace\8-2-build-windows-amd64-cygwin\jdk8u60\4407\hotspot\src\share\vm\prims\jvm.cpp, line 1386]
Event: 0.124 Thread 0x000000000255e800 Exception <a 'java/security/PrivilegedActionException'> (0x00000000d6fb02a8) thrown at [C:\re\workspace\8-2-build-windows-amd64-cygwin\jdk8u60\4407\hotspot\src\share\vm\prims\jvm.cpp, line 1386]
Event: 0.124 Thread 0x000000000255e800 Exception <a 'java/security/PrivilegedActionException'> (0x00000000d6fb04b8) thrown at [C:\re\workspace\8-2-build-windows-amd64-cygwin\jdk8u60\4407\hotspot\src\share\vm\prims\jvm.cpp, line 1386]
Event: 0.133 Thread 0x000000000255e800 Exception <a 'java/io/FileNotFoundException'> (0x00000000d6fc7558) thrown at [C:\re\workspace\8-2-build-windows-amd64-cygwin\jdk8u60\4407\hotspot\src\share\vm\prims\jni.cpp, line 709]
Event: 0.165 Thread 0x000000000255e800 Exception <a 'java/lang/NoSuchFieldError': method resolution failed> (0x00000000d7133640) thrown at [C:\re\workspace\8-2-build-windows-amd64-cygwin\jdk8u60\4407\hotspot\src\share\vm\prims\methodHandles.cpp, line 1146]
Event: 0.167 Thread 0x000000000255e800 Exception <a 'java/lang/NoSuchFieldError': method resolution failed> (0x00000000d7140a10) thrown at [C:\re\workspace\8-2-build-windows-amd64-cygwin\jdk8u60\4407\hotspot\src\share\vm\prims\methodHandles.cpp, line 1146]
Event: 0.204 Thread 0x000000000255e800 Exception <a 'java/io/FileNotFoundException'> (0x00000000d71ded08) thrown at [C:\re\workspace\8-2-build-windows-amd64-cygwin\jdk8u60\4407\hotspot\src\share\vm\prims\jni.cpp, line 709]

Events (10 events):
Event: 14.258 loading class java/awt/Window$1DisposeAction
Event: 14.258 loading class java/awt/Window$1DisposeAction done
Event: 14.260 loading class java/awt/KeyboardFocusManager$2
Event: 14.260 loading class java/awt/KeyboardFocusManager$2 done
Event: 14.260 loading class sun/awt/SunToolkit$1
Event: 14.260 loading class sun/awt/SunToolkit$1 done
Event: 14.271 loading class javax/swing/Autoscroller
Event: 14.271 loading class javax/swing/Autoscroller done
Event: 14.348 loading class org/cef/browser/CefBrowserWr$1$1
Event: 14.348 loading class org/cef/browser/CefBrowserWr$1$1 done


Dynamic libraries:
0x000000013f370000 - 0x000000013f3a7000 	D:\Program Files\Java\jre1.8.0_60\bin\javaw.exe
0x0000000077340000 - 0x00000000774e9000 	C:\Windows\SYSTEM32\ntdll.dll
0x0000000077220000 - 0x0000000077340000 	C:\Windows\system32\kernel32.dll
0x000007fefd3f0000 - 0x000007fefd45c000 	C:\Windows\system32\KERNELBASE.dll
0x000007feff0c0000 - 0x000007feff19b000 	C:\Windows\system32\ADVAPI32.dll
0x000007fefe2b0000 - 0x000007fefe34f000 	C:\Windows\system32\msvcrt.dll
0x000007fefe960000 - 0x000007fefe97f000 	C:\Windows\SYSTEM32\sechost.dll
0x000007feff2b0000 - 0x000007feff3dd000 	C:\Windows\system32\RPCRT4.dll
0x0000000077120000 - 0x000000007721a000 	C:\Windows\system32\USER32.dll
0x000007fefd4a0000 - 0x000007fefd507000 	C:\Windows\system32\GDI32.dll
0x000007fefe2a0000 - 0x000007fefe2ae000 	C:\Windows\system32\LPK.dll
0x000007fefee60000 - 0x000007fefef2a000 	C:\Windows\system32\USP10.dll
0x000007fefb6c0000 - 0x000007fefb8b4000 	C:\Windows\WinSxS\amd64_microsoft.windows.common-controls_6595b64144ccf1df_6.0.7601.18837_none_fa3b1e3d17594757\COMCTL32.dll
0x000007fefedd0000 - 0x000007fefee41000 	C:\Windows\system32\SHLWAPI.dll
0x000007fefe620000 - 0x000007fefe64e000 	C:\Windows\system32\IMM32.DLL
0x000007feff1a0000 - 0x000007feff2a9000 	C:\Windows\system32\MSCTF.dll
0x0000000067540000 - 0x0000000067612000 	D:\Program Files\Java\jre1.8.0_60\bin\msvcr100.dll
0x000000006f560000 - 0x000000006fde9000 	D:\Program Files\Java\jre1.8.0_60\bin\server\jvm.dll
0x000007fef73c0000 - 0x000007fef73c9000 	C:\Windows\system32\WSOCK32.dll
0x000007fefed80000 - 0x000007fefedcd000 	C:\Windows\system32\WS2_32.dll
0x000007fefee50000 - 0x000007fefee58000 	C:\Windows\system32\NSI.dll
0x000007fefae10000 - 0x000007fefae4b000 	C:\Windows\system32\WINMM.dll
0x000007fefc130000 - 0x000007fefc13c000 	C:\Windows\system32\VERSION.dll
0x0000000077500000 - 0x0000000077507000 	C:\Windows\system32\PSAPI.DLL
0x0000000051c10000 - 0x0000000051c1f000 	D:\Program Files\Java\jre1.8.0_60\bin\verify.dll
0x000000006d070000 - 0x000000006d099000 	D:\Program Files\Java\jre1.8.0_60\bin\java.dll
0x0000000050000000 - 0x0000000050016000 	D:\Program Files\Java\jre1.8.0_60\bin\zip.dll
0x000007fefd510000 - 0x000007fefe299000 	C:\Windows\system32\SHELL32.dll
0x000007feff3e0000 - 0x000007feff5e3000 	C:\Windows\system32\ole32.dll
0x000007fefd0f0000 - 0x000007fefd0ff000 	C:\Windows\system32\profapi.dll
0x00000000629a0000 - 0x0000000062b38000 	D:\Program Files\Java\jre1.8.0_60\bin\awt.dll
0x000007fefe9a0000 - 0x000007fefea77000 	C:\Windows\system32\OLEAUT32.dll
0x000007fefbec0000 - 0x000007fefbed8000 	C:\Windows\system32\DWMAPI.DLL
0x000007fefbee0000 - 0x000007fefbf36000 	C:\Windows\system32\uxtheme.dll
0x0000000180000000 - 0x0000000180062000 	D:\Program Files (x86)\kingsoft\kwifi\kwassist64.dll
0x000007fefaf50000 - 0x000007fefb166000 	C:\Windows\WinSxS\amd64_microsoft.windows.gdiplus_6595b64144ccf1df_1.1.7601.19061_none_2b299db671e86e03\gdiplus.dll
0x000007fefcf80000 - 0x000007fefcf8f000 	C:\Windows\system32\CRYPTBASE.dll
0x0000000073f60000 - 0x0000000073f67000 	D:\Program Files\Java\jre1.8.0_60\bin\jawt.dll
0x000007fedca20000 - 0x000007fee0dc3000 	D:\projects\weixinhelper\jcef_lib\libcef.dll
0x000007fefa070000 - 0x000007fefa0e1000 	C:\Windows\system32\WINSPOOL.DRV
0x000007fefe650000 - 0x000007fefe6e7000 	C:\Windows\system32\COMDLG32.dll
0x000007fef56d0000 - 0x000007fef5741000 	C:\Windows\system32\WINHTTP.dll
0x000007fef5660000 - 0x000007fef56c4000 	C:\Windows\system32\webio.dll
0x000007fefd1c0000 - 0x000007fefd1de000 	C:\Windows\system32\USERENV.dll
0x000007fefef30000 - 0x000007feff0b5000 	C:\Windows\system32\urlmon.dll
0x000007fefd1e0000 - 0x000007fefd1e4000 	C:\Windows\system32\api-ms-win-downlevel-ole32-l1-1-0.dll
0x000007fefd3d0000 - 0x000007fefd3d4000 	C:\Windows\system32\api-ms-win-downlevel-shlwapi-l1-1-0.dll
0x000007fefd3e0000 - 0x000007fefd3e5000 	C:\Windows\system32\api-ms-win-downlevel-advapi32-l1-1-0.dll
0x000007fefd110000 - 0x000007fefd114000 	C:\Windows\system32\api-ms-win-downlevel-user32-l1-1-0.dll
0x000007fefd210000 - 0x000007fefd214000 	C:\Windows\system32\api-ms-win-downlevel-version-l1-1-0.dll
0x000007fefd100000 - 0x000007fefd103000 	C:\Windows\system32\api-ms-win-downlevel-normaliz-l1-1-0.dll
0x0000000077510000 - 0x0000000077513000 	C:\Windows\system32\normaliz.DLL
0x000007fefe350000 - 0x000007fefe618000 	C:\Windows\system32\iertutil.dll
0x000007fefe6f0000 - 0x000007fefe959000 	C:\Windows\system32\WININET.dll
0x000007fef9860000 - 0x000007fef9878000 	C:\Windows\system32\dhcpcsvc.DLL
0x000007fefc2f0000 - 0x000007fefc301000 	C:\Windows\system32\WTSAPI32.dll
0x000007fefcc60000 - 0x000007fefcc6b000 	C:\Windows\system32\Secur32.dll
0x000007fefcee0000 - 0x000007fefcf05000 	C:\Windows\system32\SSPICLI.DLL
0x000007fefd260000 - 0x000007fefd3cc000 	C:\Windows\system32\CRYPT32.dll
0x000007fefd0e0000 - 0x000007fefd0ef000 	C:\Windows\system32\MSASN1.dll
0x000007fefc000000 - 0x000007fefc027000 	C:\Windows\system32\IPHLPAPI.DLL
0x000007fefbff0000 - 0x000007fefbffb000 	C:\Windows\system32\WINNSI.DLL
0x000007fef9cc0000 - 0x000007fef9d14000 	C:\Windows\system32\OLEACC.dll
0x000007fee1810000 - 0x000007fee19ce000 	D:\projects\weixinhelper\jcef_lib\jcef.dll
0x000007fee9b40000 - 0x000007fee9cd7000 	C:\Windows\system32\dwrite.dll
0x000007fefb5a0000 - 0x000007fefb5b5000 	C:\Windows\system32\NLAapi.dll
0x000007fefad20000 - 0x000007fefad6f000 	C:\Windows\system32\audioses.dll
0x000007fefbbf0000 - 0x000007fefbc3b000 	C:\Windows\system32\MMDevAPI.DLL
0x000007fefb990000 - 0x000007fefbabc000 	C:\Windows\system32\PROPSYS.dll
0x000007fefec60000 - 0x000007fefecf9000 	C:\Windows\system32\CLBCatQ.DLL
0x000007fef9840000 - 0x000007fef9851000 	C:\Windows\system32\dhcpcsvc6.DLL
0x000007fefea80000 - 0x000007fefec57000 	C:\Windows\system32\SETUPAPI.dll
0x000007fefd220000 - 0x000007fefd256000 	C:\Windows\system32\CFGMGR32.dll
0x000007fefd1f0000 - 0x000007fefd20a000 	C:\Windows\system32\DEVOBJ.dll
0x000007fefd460000 - 0x000007fefd49a000 	C:\Windows\system32\WINTRUST.dll
0x000007fefcf20000 - 0x000007fefcf77000 	C:\Windows\system32\apphelp.dll
0x0000000067880000 - 0x00000000678c7000 	D:\Program Files\Java\jre1.8.0_60\bin\fontmanager.dll
0x0000000077f00000 - 0x0000000077f1a000 	D:\Program Files\Java\jre1.8.0_60\bin\net.dll
0x000007fefc8c0000 - 0x000007fefc915000 	C:\Windows\system32\mswsock.dll
0x000007fefc8b0000 - 0x000007fefc8b7000 	C:\Windows\System32\wship6.dll
0x000000006f530000 - 0x000000006f541000 	D:\Program Files\Java\jre1.8.0_60\bin\nio.dll
0x0000000068ce0000 - 0x0000000068d22000 	D:\Program Files\Java\jre1.8.0_60\bin\t2k.dll
0x000007fefa9c0000 - 0x000007fefab21000 	C:\Windows\system32\WindowsCodecs.dll
0x000007feee4f0000 - 0x000007feee52a000 	C:\Program Files (x86)\360\360Safe\safemon\360UDiskGuard64.dll
0x000000006b410000 - 0x000000006b430000 	C:\Program Files\Common Files\TortoiseOverlays\TortoiseOverlays.dll
0x00000000661a0000 - 0x00000000661b9000 	D:\Program Files\TortoiseSVN\bin\TortoiseStub.dll
0x0000000065f40000 - 0x0000000065fec000 	D:\Program Files\TortoiseSVN\bin\TortoiseSVN.dll
0x000007feec900000 - 0x000007feecedc000 	D:\Program Files\TortoiseSVN\bin\libsvn_tsvn.dll
0x0000000065ee0000 - 0x0000000065f32000 	D:\Program Files\TortoiseSVN\bin\libapr_tsvn.dll
0x0000000065e80000 - 0x0000000065edf000 	D:\Program Files\TortoiseSVN\bin\libaprutil_tsvn.dll
0x000007feff5f0000 - 0x000007feff642000 	C:\Windows\system32\WLDAP32.dll
0x000007feee570000 - 0x000007feee5e1000 	D:\Program Files\TortoiseSVN\bin\intl3_tsvn.dll
0x000007feee530000 - 0x000007feee56c000 	D:\Program Files\TortoiseSVN\bin\libsasl.dll
0x000007feeea30000 - 0x000007feeea5f000 	D:\Program Files\TortoiseSVN\bin\crshhndl.dll
0x000007feee3b0000 - 0x000007feee3e5000 	C:\Windows\system32\EhStorShell.dll
0x000007feee330000 - 0x000007feee3ae000 	C:\Windows\System32\cscui.dll
0x000007fef1260000 - 0x000007fef126c000 	C:\Windows\System32\CSCDLL.dll
0x000007fef3370000 - 0x000007fef337f000 	C:\Windows\system32\CSCAPI.dll
0x000007feef1d0000 - 0x000007feef250000 	C:\Windows\system32\ntshrui.dll
0x000007fefcb30000 - 0x000007fefcb53000 	C:\Windows\system32\srvcli.dll
0x000007fefb1e0000 - 0x000007fefb1eb000 	C:\Windows\system32\slc.dll
0x000007feee2e0000 - 0x000007feee2e8000 	C:\Windows\system32\IconCodecService.dll
0x0000000068b10000 - 0x0000000068b3a000 	D:\Program Files\Java\jre1.8.0_60\bin\dcpr.dll
0x000007fee98b0000 - 0x000007fee99d5000 	C:\Windows\system32\dbghelp.dll

VM Arguments:
jvm_args: -Djava.library.path=D:\projects\weixinhelper\jcef_lib -Dfile.encoding=GBK 
java_command: tests.detailed.MainFrame
java_class_path (initial): D:\projects\weixinhelper\bin;D:\projects\weixinhelper\lib\gluegen-rt-natives-windows-amd64.jar;D:\projects\weixinhelper\lib\gluegen-rt.jar;D:\projects\weixinhelper\lib\jcef-tests.jar;D:\projects\weixinhelper\lib\jcef.jar;D:\projects\weixinhelper\lib\jogl-all-natives-windows-amd64.jar;D:\projects\weixinhelper\lib\jogl-all.jar;D:\projects\weixinhelper\lib\jsoup-1.8.3.jar;D:\projects\weixinhelper\lib\jackson-core-2.5.1.jar;D:\projects\weixinhelper\lib\jackson-databind-2.5.1.jar;D:\projects\weixinhelper\lib\jackson-annotations-2.5.1.jar
Launcher Type: SUN_STANDARD

Environment Variables:
JAVA_HOME=D:\Program Files\Java\jdk1.8.0_60
PATH=D:/Program Files/Java/jre1.8.0_60/bin/server;D:/Program Files/Java/jre1.8.0_60/bin;D:/Program Files/Java/jre1.8.0_60/lib/amd64;C:\Program Files\Common Files\Microsoft Shared\Windows Live;C:\Program Files (x86)\Common Files\Microsoft Shared\Windows Live;C:\ProgramData\Oracle\Java\javapath;C:\Windows\system32;C:\Windows;C:\Windows\System32\Wbem;C:\Windows\System32\WindowsPowerShell\v1.0\;C:\Program Files\Lenovo\Fingerprint Manager Pro\;C:\Program Files\Intel\WiFi\bin\;C:\Program Files\Common Files\Intel\WirelessCommon\;D:\Program Files\Java\jdk1.8.0_60\bin;D:\Program Files\Java\jdk1.8.0_60\jre\bin;C:\Program Files (x86)\Windows Live\Shared;D:\softs\apache-maven-3.3.3-bin\apache-maven-3.3.3\bin;D:\Program Files (x86)\Tesseract-OCR;C:\Program Files (x86)\Microsoft SQL Server\100\Tools\Binn\;C:\Program Files\Microsoft SQL Server\100\Tools\Binn\;C:\Program Files\Microsoft SQL Server\100\DTS\Binn\;D:\Program Files\TortoiseSVN\bin;D:\Program Files\nodejs;D:\Program Files (x86)\Android\android-sdk;C:\Program Files (x86)\CMake\bin;C:\Python27;C:\Program Files (x86)\Windows Kits\8.1\Windows Performance Toolkit\;C:\Program Files\Microsoft SQL Server\110\Tools\Binn\;C:\Program Files (x86)\Microsoft SDKs\TypeScript\1.0\;C:\Program Files\Intel\WiFi\bin\;C:\Program Files\Common Files\Intel\WirelessCommon\;D:\softs\eclipse-jee-mars-R-win32-x86_64\eclipse;
USERNAME=think
OS=Windows_NT
PROCESSOR_IDENTIFIER=Intel64 Family 6 Model 61 Stepping 4, GenuineIntel



---------------  S Y S T E M  ---------------

OS: Windows 7 , 64 bit Build 7601 (6.1.7601.19045)

CPU:total 4 (2 cores per cpu, 2 threads per core) family 6 model 61 stepping 4, cmov, cx8, fxsr, mmx, sse, sse2, sse3, ssse3, sse4.1, sse4.2, popcnt, avx, avx2, aes, clmul, erms, rtm, 3dnowpref, lzcnt, ht, tsc, tscinvbit, bmi1, bmi2, adx

Memory: 4k page, physical 8077544k(2069296k free), swap 16153252k(8786968k free)

vm_info: Java HotSpot(TM) 64-Bit Server VM (25.60-b23) for windows-amd64 JRE (1.8.0_60-b27), built on Aug  4 2015 11:06:27 by "java_re" with MS VC++ 10.0 (VS2010)

time: Thu Jan 07 16:13:05 2016
elapsed time: 14 seconds (0d 0h 0m 14s)

